Using pre-set license
Built from '2021.3/staging' branch; Version is '2021.3.10f1 (1c7d0df0160b) revision 1867021'; Using compiler version '192829333'; Build Type 'Release'
OS: 'Windows 11  (10.0.22000) 64bit Core' Language: 'en' Physical Memory: 16085 MB
BatchMode: 1, IsHumanControllingUs: 0, StartBugReporterOnCrash: 0, Is64bit: 1, IsPro: 1

COMMAND LINE ARGUMENTS:
C:\Program Files\Unity\Hub\Editor\2021.3.10f1\Editor\Unity.exe
-adb2
-batchMode
-noUpm
-name
AssetImportWorker3
-projectPath
C:/Users/gclou/Documents/Unity Projects/Liberator/Liberator_game
-logFile
Logs/AssetImportWorker3.log
-srvPort
64375
Successfully changed project path to: C:/Users/gclou/Documents/Unity Projects/Liberator/Liberator_game
C:/Users/gclou/Documents/Unity Projects/Liberator/Liberator_game
[UnityMemory] Configuration Parameters - Can be set up in boot.config
    "memorysetup-bucket-allocator-granularity=16"
    "memorysetup-bucket-allocator-bucket-count=8"
    "memorysetup-bucket-allocator-block-size=33554432"
    "memorysetup-bucket-allocator-block-count=8"
    "memorysetup-main-allocator-block-size=16777216"
    "memorysetup-thread-allocator-block-size=16777216"
    "memorysetup-gfx-main-allocator-block-size=16777216"
    "memorysetup-gfx-thread-allocator-block-size=16777216"
    "memorysetup-cache-allocator-block-size=4194304"
    "memorysetup-typetree-allocator-block-size=2097152"
    "memorysetup-profiler-bucket-allocator-granularity=16"
    "memorysetup-profiler-bucket-allocator-bucket-count=8"
    "memorysetup-profiler-bucket-allocator-block-size=33554432"
    "memorysetup-profiler-bucket-allocator-block-count=8"
    "memorysetup-profiler-allocator-block-size=16777216"
    "memorysetup-profiler-editor-allocator-block-size=1048576"
    "memorysetup-temp-allocator-size-main=16777216"
    "memorysetup-job-temp-allocator-block-size=2097152"
    "memorysetup-job-temp-allocator-block-size-background=1048576"
    "memorysetup-job-temp-allocator-reduction-small-platforms=262144"
    "memorysetup-temp-allocator-size-background-worker=32768"
    "memorysetup-temp-allocator-size-job-worker=262144"
    "memorysetup-temp-allocator-size-preload-manager=33554432"
    "memorysetup-temp-allocator-size-nav-mesh-worker=65536"
    "memorysetup-temp-allocator-size-audio-worker=65536"
    "memorysetup-temp-allocator-size-cloud-worker=32768"
    "memorysetup-temp-allocator-size-gi-baking-worker=262144"
    "memorysetup-temp-allocator-size-gfx=262144"
Refreshing native plugins compatible for Editor in 101.95 ms, found 3 plugins.
Preloading 0 native plugins for Editor in 0.00 ms.
Initialize engine version: 2021.3.10f1 (1c7d0df0160b)
[Subsystems] Discovering subsystems at path C:/Program Files/Unity/Hub/Editor/2021.3.10f1/Editor/Data/Resources/UnitySubsystems
[Subsystems] Discovering subsystems at path C:/Users/gclou/Documents/Unity Projects/Liberator/Liberator_game/Assets
GfxDevice: creating device client; threaded=0; jobified=0
Direct3D:
    Version:  Direct3D 11.0 [level 11.1]
    Renderer: NVIDIA GeForce RTX 3050 Laptop GPU (ID=0x25a2)
    Vendor:   NVIDIA
    VRAM:     3993 MB
    Driver:   30.0.15.1165
Initialize mono
Mono path[0] = 'C:/Program Files/Unity/Hub/Editor/2021.3.10f1/Editor/Data/Managed'
Mono path[1] = 'C:/Program Files/Unity/Hub/Editor/2021.3.10f1/Editor/Data/MonoBleedingEdge/lib/mono/unityjit-win32'
Mono config path = 'C:/Program Files/Unity/Hub/Editor/2021.3.10f1/Editor/Data/MonoBleedingEdge/etc'
Using monoOptions --debugger-agent=transport=dt_socket,embedding=1,server=y,suspend=n,address=127.0.0.1:56304
Begin MonoManager ReloadAssembly
Registering precompiled unity dll's ...
Register platform support module: C:/Program Files/Unity/Hub/Editor/2021.3.10f1/Editor/Data/PlaybackEngines/WebGLSupport/UnityEditor.WebGL.Extensions.dll
Register platform support module: C:/Program Files/Unity/Hub/Editor/2021.3.10f1/Editor/Data/PlaybackEngines/WindowsStandaloneSupport/UnityEditor.WindowsStandalone.Extensions.dll
Registered in 0.004861 seconds.
Native extension for WindowsStandalone target not found
Native extension for WebGL target not found
Refreshing native plugins compatible for Editor in 68.50 ms, found 3 plugins.
Preloading 0 native plugins for Editor in 0.00 ms.
Mono: successfully reloaded assembly
- Completed reload, in  0.525 seconds
Domain Reload Profiling:
	ReloadAssembly (526ms)
		BeginReloadAssembly (60ms)
			ExecutionOrderSort (0ms)
			DisableScriptedObjects (0ms)
			BackupInstance (0ms)
			ReleaseScriptingObjects (0ms)
			CreateAndSetChildDomain (1ms)
		EndReloadAssembly (375ms)
			LoadAssemblies (58ms)
			RebuildTransferFunctionScriptingTraits (0ms)
			SetupTypeCache (86ms)
			ReleaseScriptCaches (0ms)
			RebuildScriptCaches (22ms)
			SetupLoadedEditorAssemblies (225ms)
				LogAssemblyErrors (0ms)
				InitializePlatformSupportModulesInManaged (7ms)
				SetLoadedEditorAssemblies (0ms)
				RefreshPlugins (69ms)
				BeforeProcessingInitializeOnLoad (1ms)
				ProcessInitializeOnLoadAttributes (113ms)
				ProcessInitializeOnLoadMethodAttributes (35ms)
				AfterProcessingInitializeOnLoad (0ms)
				EditorAssembliesLoaded (0ms)
			ExecutionOrderSort2 (0ms)
			AwakeInstancesAfterBackupRestoration (0ms)
Platform modules already initialized, skipping
Registering precompiled user dll's ...
Registered in 0.004663 seconds.
Begin MonoManager ReloadAssembly
Symbol file LoadedFromMemory doesn't match image C:\Users\gclou\Documents\Unity Projects\Liberator\Liberator_game\Library\PackageCache\com.unity.visualscripting@1.7.8\Editor\VisualScripting.Core\Dependencies\YamlDotNet\Unity.VisualScripting.YamlDotNet.dll
Symbol file LoadedFromMemory doesn't match image C:\Users\gclou\Documents\Unity Projects\Liberator\Liberator_game\Library\PackageCache\com.unity.visualscripting@1.7.8\Editor\VisualScripting.Core\Dependencies\DotNetZip\Unity.VisualScripting.IonicZip.dll
Native extension for WindowsStandalone target not found
Native extension for WebGL target not found
Refreshing native plugins compatible for Editor in 75.36 ms, found 3 plugins.
Preloading 0 native plugins for Editor in 0.00 ms.
Mono: successfully reloaded assembly
- Completed reload, in  0.954 seconds
Domain Reload Profiling:
	ReloadAssembly (954ms)
		BeginReloadAssembly (90ms)
			ExecutionOrderSort (0ms)
			DisableScriptedObjects (4ms)
			BackupInstance (0ms)
			ReleaseScriptingObjects (0ms)
			CreateAndSetChildDomain (19ms)
		EndReloadAssembly (773ms)
			LoadAssemblies (69ms)
			RebuildTransferFunctionScriptingTraits (0ms)
			SetupTypeCache (219ms)
			ReleaseScriptCaches (1ms)
			RebuildScriptCaches (41ms)
			SetupLoadedEditorAssemblies (410ms)
				LogAssemblyErrors (0ms)
				InitializePlatformSupportModulesInManaged (5ms)
				SetLoadedEditorAssemblies (0ms)
				RefreshPlugins (75ms)
				BeforeProcessingInitializeOnLoad (73ms)
				ProcessInitializeOnLoadAttributes (232ms)
				ProcessInitializeOnLoadMethodAttributes (19ms)
				AfterProcessingInitializeOnLoad (5ms)
				EditorAssembliesLoaded (0ms)
			ExecutionOrderSort2 (0ms)
			AwakeInstancesAfterBackupRestoration (5ms)
Platform modules already initialized, skipping
========================================================================
Worker process is ready to serve import requests
Launched and connected shader compiler UnityShaderCompiler.exe after 0.04 seconds
Refreshing native plugins compatible for Editor in 0.87 ms, found 3 plugins.
Preloading 0 native plugins for Editor in 0.00 ms.
Unloading 3754 Unused Serialized files (Serialized files now loaded: 0)
Unloading 32 unused Assets / (0.8 MB). Loaded Objects now: 4217.
Memory consumption went from 137.4 MB to 136.6 MB.
Total: 3.551900 ms (FindLiveObjects: 0.273100 ms CreateObjectMapping: 0.147700 ms MarkObjects: 2.688400 ms  DeleteObjects: 0.441800 ms)

AssetImportParameters requested are different than current active one (requested -> active):
  custom:video-decoder-ogg-theora: a1e56fd34408186e4bbccfd4996cb3dc -> 
  custom:container-muxer-webm: aa71ff27fc2769a1b78a27578f13a17b -> 
  custom:container-demuxer-webm: 4f35f7cbe854078d1ac9338744f61a02 -> 
  custom:video-encoder-webm-vp8: eb34c28f22e8b96e1ab97ce403110664 -> 
  custom:audio-encoder-webm-vorbis: bf7c407c2cedff20999df2af8eb42d56 -> 
  custom:framework-win-MediaFoundation: 216162199b28c13a410421893ffa2e32 -> 
  custom:container-demuxer-ogg: 62fdf1f143b41e24485cea50d1cbac27 -> 
  custom:video-decoder-webm-vp8: 9c59270c3fd7afecdb556c50c9e8de78 -> 
  custom:audio-decoder-ogg-vorbis: bf7c407c2cedff20999df2af8eb42d56 -> 
========================================================================
Received Import Request.
  Time since last request: 1990381.079683 seconds.
  path: Assets/WorldMaterialsFree/Built-In_RPMaterials/BasketWeaveBricks_StandardShader.mat
  artifactKey: Guid(9a2c87bc6bc6e5b4aa96c1c4c5224aa3) Importer(815301076,1909f56bfc062723c751e8b465ee728b)
Start importing Assets/WorldMaterialsFree/Built-In_RPMaterials/BasketWeaveBricks_StandardShader.mat using Guid(9a2c87bc6bc6e5b4aa96c1c4c5224aa3) Importer(815301076,1909f56bfc062723c751e8b465ee728b)  -> (artifact id: '702743d49fa9e0006f90f41cd393f8d4') in 0.345927 seconds 
========================================================================
Received Import Request.
  Time since last request: 0.000023 seconds.
  path: Assets/WorldMaterialsFree/Built-In_RPMaterials/WaveSand_StandardShader.mat
  artifactKey: Guid(38915b34fb784e641be19e619ced4763) Importer(815301076,1909f56bfc062723c751e8b465ee728b)
Start importing Assets/WorldMaterialsFree/Built-In_RPMaterials/WaveSand_StandardShader.mat using Guid(38915b34fb784e641be19e619ced4763) Importer(815301076,1909f56bfc062723c751e8b465ee728b)  -> (artifact id: '81128d26d09934d68884a11160667c32') in 0.065444 seconds 
========================================================================
Received Import Request.
  Time since last request: 0.000048 seconds.
  path: Assets/WorldMaterialsFree/Built-In_RPMaterials/DryRockyDirt_WMShader.mat
  artifactKey: Guid(1a0c4d18584a3f14087077d1dafa042e) Importer(815301076,1909f56bfc062723c751e8b465ee728b)
Start importing Assets/WorldMaterialsFree/Built-In_RPMaterials/DryRockyDirt_WMShader.mat using Guid(1a0c4d18584a3f14087077d1dafa042e) Importer(815301076,1909f56bfc062723c751e8b465ee728b)  -> (artifact id: '29771c9200fbc1d5348a0259a825c90e') in 0.301126 seconds 
========================================================================
Received Import Request.
  Time since last request: 0.000030 seconds.
  path: Assets/WorldMaterialsFree/Built-In_RPMaterials/BasketWeaveBricks_WMShader.mat
  artifactKey: Guid(d88a5817e21321744bd78ff809a0bbda) Importer(815301076,1909f56bfc062723c751e8b465ee728b)
Start importing Assets/WorldMaterialsFree/Built-In_RPMaterials/BasketWeaveBricks_WMShader.mat using Guid(d88a5817e21321744bd78ff809a0bbda) Importer(815301076,1909f56bfc062723c751e8b465ee728b)  -> (artifact id: '416b5ac845a2b964758fa7a1429f6768') in 0.025619 seconds 
========================================================================
Received Import Request.
  Time since last request: 0.000038 seconds.
  path: Assets/WorldMaterialsFree/Built-In_RPMaterials/PebbledGravel_StandardShader.mat
  artifactKey: Guid(1d0c0bac13326d14a8fb5fda102ea2f7) Importer(815301076,1909f56bfc062723c751e8b465ee728b)
Start importing Assets/WorldMaterialsFree/Built-In_RPMaterials/PebbledGravel_StandardShader.mat using Guid(1d0c0bac13326d14a8fb5fda102ea2f7) Importer(815301076,1909f56bfc062723c751e8b465ee728b)  -> (artifact id: 'd99e7a7720d8a2932b69c00c8d6c674a') in 0.027750 seconds 
========================================================================
Received Import Request.
  Time since last request: 0.000031 seconds.
  path: Assets/WorldMaterialsFree/Built-In_RPMaterials/PlainWhiteFabric_StandardShader.mat
  artifactKey: Guid(b516a6be52730f64e98b8928895f48b0) Importer(815301076,1909f56bfc062723c751e8b465ee728b)
Start importing Assets/WorldMaterialsFree/Built-In_RPMaterials/PlainWhiteFabric_StandardShader.mat using Guid(b516a6be52730f64e98b8928895f48b0) Importer(815301076,1909f56bfc062723c751e8b465ee728b)  -> (artifact id: '2a644377915cf903342c189e93bec4e2') in 0.024455 seconds 
========================================================================
Received Import Request.
  Time since last request: 0.000027 seconds.
  path: Assets/WorldMaterialsFree/Built-In_RPMaterials/DesertCliffRock_WMShader.mat
  artifactKey: Guid(5788fa9255612c049bcf0d092efe95ce) Importer(815301076,1909f56bfc062723c751e8b465ee728b)
Start importing Assets/WorldMaterialsFree/Built-In_RPMaterials/DesertCliffRock_WMShader.mat using Guid(5788fa9255612c049bcf0d092efe95ce) Importer(815301076,1909f56bfc062723c751e8b465ee728b)  -> (artifact id: 'e668d19144521bbf68a213045af3f8df') in 0.029629 seconds 
========================================================================
Received Import Request.
  Time since last request: 0.000022 seconds.
  path: Assets/WorldMaterialsFree/Built-In_RPMaterials/HexBricks_StandardShader.mat
  artifactKey: Guid(97600ef42b0a88b47adc4932a228ef49) Importer(815301076,1909f56bfc062723c751e8b465ee728b)
Start importing Assets/WorldMaterialsFree/Built-In_RPMaterials/HexBricks_StandardShader.mat using Guid(97600ef42b0a88b47adc4932a228ef49) Importer(815301076,1909f56bfc062723c751e8b465ee728b)  -> (artifact id: 'f4bb3f1cf861b03bc900e7b5d58a3f79') in 0.024170 seconds 
========================================================================
Received Import Request.
  Time since last request: 0.000021 seconds.
  path: Assets/WorldMaterialsFree/Built-In_RPMaterials/SimpleRedBricks_StandardShader.mat
  artifactKey: Guid(3f070b9b51e38424e9597fbb6f473e87) Importer(815301076,1909f56bfc062723c751e8b465ee728b)
Start importing Assets/WorldMaterialsFree/Built-In_RPMaterials/SimpleRedBricks_StandardShader.mat using Guid(3f070b9b51e38424e9597fbb6f473e87) Importer(815301076,1909f56bfc062723c751e8b465ee728b)  -> (artifact id: 'b5d64d84c3320fc32de5f65ec17dbef1') in 0.224109 seconds 
========================================================================
Received Import Request.
  Time since last request: 0.000020 seconds.
  path: Assets/WorldMaterialsFree/Built-In_RPMaterials/ClumpMud_StandardShader.mat
  artifactKey: Guid(808e6047c73239f46ac7425fc704306c) Importer(815301076,1909f56bfc062723c751e8b465ee728b)
Start importing Assets/WorldMaterialsFree/Built-In_RPMaterials/ClumpMud_StandardShader.mat using Guid(808e6047c73239f46ac7425fc704306c) Importer(815301076,1909f56bfc062723c751e8b465ee728b)  -> (artifact id: 'ea9ddd8f7cbaddbc42b6d4ca15b5db85') in 0.024741 seconds 
========================================================================
Received Import Request.
  Time since last request: 0.000034 seconds.
  path: Assets/WorldMaterialsFree/Built-In_RPMaterials/GrassClumps_WMShader.mat
  artifactKey: Guid(265c1888e0bb7ae4893432e053373ca5) Importer(815301076,1909f56bfc062723c751e8b465ee728b)
Start importing Assets/WorldMaterialsFree/Built-In_RPMaterials/GrassClumps_WMShader.mat using Guid(265c1888e0bb7ae4893432e053373ca5) Importer(815301076,1909f56bfc062723c751e8b465ee728b)  -> (artifact id: '956744504456cf3df1dac69cf26b5b43') in 0.025835 seconds 
========================================================================
Received Import Request.
  Time since last request: 0.000040 seconds.
  path: Assets/WorldMaterialsFree/Built-In_RPMaterials/DesertSandBrick_WMShader.mat
  artifactKey: Guid(8bbfa9999a12c1c4ba28eb1d7932bc91) Importer(815301076,1909f56bfc062723c751e8b465ee728b)
Start importing Assets/WorldMaterialsFree/Built-In_RPMaterials/DesertSandBrick_WMShader.mat using Guid(8bbfa9999a12c1c4ba28eb1d7932bc91) Importer(815301076,1909f56bfc062723c751e8b465ee728b)  -> (artifact id: 'e47c7d4350cd7826f3a851ae47458d5d') in 0.027156 seconds 
========================================================================
Received Import Request.
  Time since last request: 0.000034 seconds.
  path: Assets/WorldMaterialsFree/Built-In_RPMaterials/RuinStoneBricks_WMShader.mat
  artifactKey: Guid(258596a046ce9484b825867a99c21793) Importer(815301076,1909f56bfc062723c751e8b465ee728b)
Start importing Assets/WorldMaterialsFree/Built-In_RPMaterials/RuinStoneBricks_WMShader.mat using Guid(258596a046ce9484b825867a99c21793) Importer(815301076,1909f56bfc062723c751e8b465ee728b)  -> (artifact id: '67414ea79c0e164cc394c0e12ecf7d69') in 0.026579 seconds 
========================================================================
Received Import Request.
  Time since last request: 40.490418 seconds.
  path: Assets/WorldMaterialsFree/Resource Files/GrassGravel/GrassGravel_smoothness.png
  artifactKey: Guid(e7bf3a264550fdb4e8e12ff1a8033209) Importer(815301076,1909f56bfc062723c751e8b465ee728b)
Start importing Assets/WorldMaterialsFree/Resource Files/GrassGravel/GrassGravel_smoothness.png using Guid(e7bf3a264550fdb4e8e12ff1a8033209) Importer(815301076,1909f56bfc062723c751e8b465ee728b)  -> (artifact id: '165a28185590c5b1e4c5673db81ebece') in 0.046613 seconds 
========================================================================
Received Import Request.
  Time since last request: 0.000021 seconds.
  path: Assets/WorldMaterialsFree/Resource Files/GrassGravel/GrassGravel_ao.png
  artifactKey: Guid(08abe4ebe80f2a8419b792acb0d20542) Importer(815301076,1909f56bfc062723c751e8b465ee728b)
Start importing Assets/WorldMaterialsFree/Resource Files/GrassGravel/GrassGravel_ao.png using Guid(08abe4ebe80f2a8419b792acb0d20542) Importer(815301076,1909f56bfc062723c751e8b465ee728b)  -> (artifact id: 'baa03ca36e90d61350500cefe3d33236') in 0.021785 seconds 
========================================================================
Received Prepare
Registering precompiled user dll's ...
Registered in 0.004319 seconds.
Begin MonoManager ReloadAssembly
Symbol file LoadedFromMemory doesn't match image C:\Users\gclou\Documents\Unity Projects\Liberator\Liberator_game\Library\PackageCache\com.unity.visualscripting@1.7.8\Editor\VisualScripting.Core\Dependencies\YamlDotNet\Unity.VisualScripting.YamlDotNet.dll
Symbol file LoadedFromMemory doesn't match image C:\Users\gclou\Documents\Unity Projects\Liberator\Liberator_game\Library\PackageCache\com.unity.visualscripting@1.7.8\Editor\VisualScripting.Core\Dependencies\DotNetZip\Unity.VisualScripting.IonicZip.dll
Native extension for WindowsStandalone target not found
Native extension for WebGL target not found
Refreshing native plugins compatible for Editor in 0.79 ms, found 3 plugins.
Preloading 0 native plugins for Editor in 0.00 ms.
Mono: successfully reloaded assembly
- Completed reload, in  0.967 seconds
Domain Reload Profiling:
	ReloadAssembly (967ms)
		BeginReloadAssembly (113ms)
			ExecutionOrderSort (0ms)
			DisableScriptedObjects (3ms)
			BackupInstance (0ms)
			ReleaseScriptingObjects (0ms)
			CreateAndSetChildDomain (34ms)
		EndReloadAssembly (771ms)
			LoadAssemblies (65ms)
			RebuildTransferFunctionScriptingTraits (0ms)
			SetupTypeCache (243ms)
			ReleaseScriptCaches (2ms)
			RebuildScriptCaches (43ms)
			SetupLoadedEditorAssemblies (362ms)
				LogAssemblyErrors (0ms)
				InitializePlatformSupportModulesInManaged (14ms)
				SetLoadedEditorAssemblies (0ms)
				RefreshPlugins (1ms)
				BeforeProcessingInitializeOnLoad (62ms)
				ProcessInitializeOnLoadAttributes (252ms)
				ProcessInitializeOnLoadMethodAttributes (25ms)
				AfterProcessingInitializeOnLoad (7ms)
				EditorAssembliesLoaded (0ms)
			ExecutionOrderSort2 (0ms)
			AwakeInstancesAfterBackupRestoration (8ms)
Platform modules already initialized, skipping
Refreshing native plugins compatible for Editor in 1.89 ms, found 3 plugins.
Preloading 0 native plugins for Editor in 0.00 ms.
Unloading 3734 Unused Serialized files (Serialized files now loaded: 0)
Unloading 23 unused Assets / (0.8 MB). Loaded Objects now: 4264.
Memory consumption went from 140.7 MB to 140.0 MB.
Total: 3.402800 ms (FindLiveObjects: 0.279700 ms CreateObjectMapping: 0.113700 ms MarkObjects: 2.679200 ms  DeleteObjects: 0.328600 ms)

AssetImportParameters requested are different than current active one (requested -> active):
  custom:video-decoder-ogg-theora: a1e56fd34408186e4bbccfd4996cb3dc -> 
  custom:container-muxer-webm: aa71ff27fc2769a1b78a27578f13a17b -> 
  custom:container-demuxer-webm: 4f35f7cbe854078d1ac9338744f61a02 -> 
  custom:video-encoder-webm-vp8: eb34c28f22e8b96e1ab97ce403110664 -> 
  custom:audio-encoder-webm-vorbis: bf7c407c2cedff20999df2af8eb42d56 -> 
  custom:framework-win-MediaFoundation: 216162199b28c13a410421893ffa2e32 -> 
  custom:container-demuxer-ogg: 62fdf1f143b41e24485cea50d1cbac27 -> 
  custom:video-decoder-webm-vp8: 9c59270c3fd7afecdb556c50c9e8de78 -> 
  custom:audio-decoder-ogg-vorbis: bf7c407c2cedff20999df2af8eb42d56 -> 
========================================================================
Received Import Request.
  Time since last request: 89.577003 seconds.
  path: Assets/WorldMaterialsFree/Resource Files/GrassClumps/GrassClumps_Yfliped_normal.png
  artifactKey: Guid(384a7c41f40c1eb42af0c794cb38743d) Importer(815301076,1909f56bfc062723c751e8b465ee728b)
Start importing Assets/WorldMaterialsFree/Resource Files/GrassClumps/GrassClumps_Yfliped_normal.png using Guid(384a7c41f40c1eb42af0c794cb38743d) Importer(815301076,1909f56bfc062723c751e8b465ee728b)  -> (artifact id: '28ee7e95fe4e047d6bdabda36998c963') in 0.065548 seconds 
========================================================================
Received Import Request.
  Time since last request: 0.000028 seconds.
  path: Assets/WorldMaterialsFree/Resource Files/GrassClumps/GrassClumps_smoothness.png
  artifactKey: Guid(1c6ef37185037f6449d46a00eae8d818) Importer(815301076,1909f56bfc062723c751e8b465ee728b)
Start importing Assets/WorldMaterialsFree/Resource Files/GrassClumps/GrassClumps_smoothness.png using Guid(1c6ef37185037f6449d46a00eae8d818) Importer(815301076,1909f56bfc062723c751e8b465ee728b)  -> (artifact id: '9d156f2e05d7588adfb1bfb46427bb86') in 0.015649 seconds 
Editor requested this worker to shutdown with reason: Scaling down because of idle timeout
AssetImportWorker is now disconnected from the server
Process exiting
Exiting without the bug reporter. Application will terminate with return code 0